<?xml version="1.0" encoding="UTF-8"?>
<testsuite xmlns:xsi="http://www.w3.org/2001/XMLSchema-instance" xsi:noNamespaceSchemaLocation="https://maven.apache.org/surefire/maven-surefire-plugin/xsd/surefire-test-report.xsd" name="testRunner.TestRunnerClass" time="41.52" tests="1" errors="0" skipped="0" failures="1">
  <properties>
[...]
</properties>
  <testcase name="User Able Add User in the System" classname="Admin Tan Functionality test" time="41.119">
    <failure type="java.lang.AssertionError">java.lang.AssertionError
</failure>
    <system-out><![CDATA[
@sanity
Scenario: User Able Add User in the System                  # Features/Admin.feature:32
 INFO [main] (HRMSteps.java:34) - Project path is-C:\Users\shawo\IdeaProjects\CucumberWithSeleniumProject
 INFO [main] (HRMSteps.java:59) - ******************** Launching Browser **************************
  Given User Launch Chrome Browser                          # StepDefinitions.HRMSteps.user_Launch_Chrome_Browser()
 INFO [main] (HRMSteps.java:78) - ******************** Open Application **************************
  When User Open Orange HRM                                 # StepDefinitions.HRMSteps.user_Open_Orange_HRM()
 INFO [main] (HRMSteps.java:112) - ******************** Entering Login Details **************************
  And User Enter "Admin" As Admin Password As "admin123"    # StepDefinitions.HRMSteps.userEnterAsAdminPasswordAs(java.lang.String,java.lang.String)
  And User Clicks On Login Button                           # StepDefinitions.HRMSteps.userClicksOnLoginButton()
  And User Click On Admin Tab                               # StepDefinitions.HRMSteps.userClickOnAdminTab()
  And User Clicks Add Button                                # StepDefinitions.HRMSteps.userClicksAddButton()
  And User Selects User Role ESS                            # StepDefinitions.HRMSteps.userSelectsUserRole(java.lang.String)
  And User Types Employee Name Linda Anderson               # StepDefinitions.HRMSteps.userTypesEmployeeName(java.lang.String)
  And User Types Username Linda                             # StepDefinitions.HRMSteps.userTypesUsername(java.lang.String)
  And User Selects Status Enabled                           # StepDefinitions.HRMSteps.userSelectsStatus(java.lang.String)
  Then User Clicks on Save Button                           # StepDefinitions.HRMSteps.userClicksOnSaveButton()
 INFO [main] (HRMSteps.java:230) - ******************** Verifying Records created **************************
  And User Verify Employee Name Created With Linda Anderson # StepDefinitions.HRMSteps.userVerifyEmployeeNameCreated(java.lang.String)
      java.lang.AssertionError
	at org.junit.Assert.fail(Assert.java:87)
	at org.junit.Assert.assertTrue(Assert.java:42)
	at org.junit.Assert.assertTrue(Assert.java:53)
	at StepDefinitions.HRMSteps.userVerifyEmployeeNameCreated(HRMSteps.java:233)
	at ?.User Verify Employee Name Created With Linda Anderson(file:///C:/Users/shawo/IdeaProjects/CucumberWithSeleniumProject/./Features/Admin.feature:40)

  And User Close Browser                                    # StepDefinitions.HRMSteps.user_Close_Browser()
]]></system-out>
    <system-err><![CDATA[Jul 20, 2020 2:09:43 PM io.cucumber.junit.Cucumber <init>
WARNING: By default Cucumber is running in --non-strict mode.
This default will change to --strict and --non-strict will be removed.
You can use --strict or @CucumberOptions(strict = true) to suppress this warning
log4j:WARN No such property [tittle] in org.apache.log4j.HTMLLayout.
Starting ChromeDriver 83.0.4103.39 (ccbf011cb2d2b19b506d844400483861342c20cd-refs/branch-heads/4103@{#416}) on port 32876
Only local connections are allowed.
Please see https://chromedriver.chromium.org/security-considerations for suggestions on keeping ChromeDriver safe.
ChromeDriver was started successfully.
Jul 20, 2020 2:09:47 PM org.openqa.selenium.remote.ProtocolHandshake createSession
INFO: Detected dialect: W3C
]]></system-err>
  </testcase>
</testsuite>